[11:40:43] [Server thread/INFO]: Starting minecraft server version 1.7.10
[11:40:43] [Server console handler/ERROR]: Exception handling console input
java.io.IOException: Controlador no válido
	at java.io.FileInputStream.readBytes(Native Method) ~[?:1.8.0_73]
	at java.io.FileInputStream.read(Unknown Source) ~[?:1.8.0_73]
	at java.io.BufferedInputStream.read1(Unknown Source) ~[?:1.8.0_73]
	at java.io.BufferedInputStream.read(Unknown Source) ~[?:1.8.0_73]
	at sun.nio.cs.StreamDecoder.readBytes(Unknown Source) ~[?:1.8.0_73]
	at sun.nio.cs.StreamDecoder.implRead(Unknown Source) ~[?:1.8.0_73]
	at sun.nio.cs.StreamDecoder.read(Unknown Source) ~[?:1.8.0_73]
	at java.io.InputStreamReader.read(Unknown Source) ~[?:1.8.0_73]
	at java.io.BufferedReader.fill(Unknown Source) ~[?:1.8.0_73]
	at java.io.BufferedReader.readLine(Unknown Source) ~[?:1.8.0_73]
	at java.io.BufferedReader.readLine(Unknown Source) ~[?:1.8.0_73]
	at net.minecraft.server.dedicated.DedicatedServer$2.run(DedicatedServer.java:97) [lv.class:?]
[11:40:43] [Server thread/WARN]: To start the server with more ram, launch it as "java -Xmx1024M -Xms1024M -jar minecraft_server.jar"
[11:40:45] [Server thread/INFO]: Loading properties
[11:40:45] [Server thread/INFO]: Default game type: SURVIVAL
[11:40:45] [Server thread/INFO]: Generating keypair
[11:40:45] [Server thread/INFO]: Starting Minecraft server on *:25815
[11:40:45] [Server thread/WARN]: **** SERVER IS RUNNING IN OFFLINE/INSECURE MODE!
[11:40:45] [Server thread/WARN]: The server will make no attempt to authenticate usernames. Beware.
[11:40:45] [Server thread/WARN]: While this makes the game possible to play without internet access, it also opens up the ability for hackers to connect with any username they choose.
[11:40:45] [Server thread/WARN]: To change this, set "online-mode" to "true" in the server.properties file.
[11:40:47] [Server thread/INFO]: Preparing level "world"
[11:40:48] [Server thread/INFO]: Preparing start region for level 0
[11:40:49] [Server thread/INFO]: Preparing spawn area: 62%
[11:40:49] [Server thread/INFO]: Done (1,944s)! For help, type "help" or "?"
[12:10:50] [Server thread/INFO]: tt[/127.0.0.1:59028] logged in with entity id 321 at (-242.69999998807918, 68.0, 225.30000001192093)
[12:10:50] [Server thread/INFO]: tt joined the game
[12:12:09] [Server thread/INFO]: [tt: Set the time to 0]
[12:12:16] [Server thread/INFO]: [tt: Set own game mode to Creative Mode]
[13:01:08] [Server thread/INFO]: [tt: Set own game mode to Survival Mode]
[13:01:09] [Server thread/INFO]: [tt: Set own game mode to Creative Mode]
[13:01:40] [Server thread/INFO]: [tt: Set own game mode to Creative Mode]
[13:01:41] [Server thread/INFO]: [tt: Set own game mode to Survival Mode]
[13:01:42] [Server thread/INFO]: [tt: Set own game mode to Creative Mode]
[13:02:10] [Server thread/INFO]: [tt: Set own game mode to Survival Mode]
[13:02:17] [Server thread/INFO]: [tt: Set own game mode to Creative Mode]
[13:03:04] [Server thread/INFO]: [tt: Set own game mode to Survival Mode]
[13:03:06] [Server thread/INFO]: tt was blown up by Creeper
[13:03:13] [Server thread/INFO]: [tt: Set own game mode to Creative Mode]
[13:04:33] [Server thread/INFO]: [tt: Teleported tt to -240.5,1000.5,0.5]
[13:04:43] [Server thread/INFO]: [tt: Teleported tt to 0.5,0.5,0.5]
[13:04:48] [Server thread/INFO]: tt fell out of the world
[13:05:27] [Server thread/INFO]: [tt: Teleported tt to -240.5,1000.5,220.5]
[13:06:05] [Server thread/INFO]: [tt: Teleported tt to -241.5,1000.5,220.5]
[13:07:37] [Server thread/INFO]: [tt: Set the time to 0]
[13:09:05] [Server thread/WARN]: Can't keep up! Did the system time change, or is the server overloaded? Running 2616ms behind, skipping 52 tick(s)
[13:09:33] [Server thread/WARN]: Can't keep up! Did the system time change, or is the server overloaded? Running 8888ms behind, skipping 177 tick(s)
[13:09:33] [Server thread/INFO]: tt lost connection: TextComponent{text='Disconnected', siblings=[], style=Style{hasParent=false, color=null, bold=null, italic=null, underlined=null, obfuscated=null, clickEvent=null, hoverEvent=null}}
[13:09:33] [Server thread/INFO]: tt left the game
[13:09:35] [Server thread/INFO]: Stopping server
[13:09:35] [Server thread/INFO]: Saving players
[13:09:35] [Server thread/INFO]: Saving worlds
[13:09:35] [Server thread/INFO]: Saving chunks for level 'world'/Overworld
[13:09:35] [Server thread/INFO]: Saving chunks for level 'world'/Nether
[13:09:35] [Server thread/INFO]: Saving chunks for level 'world'/The End
